Using pre-set license
Built from 'trunk' branch; Version is '2021.2.0a5 (4a734693b889) revision 4879174'; Using compiler version '192829333'; Build Type 'Release'
OS: 'Windows 10 Home; OS build 19043.1081; Version 2009; 64bit' Language: 'en' Physical Memory: 7549 MB
BatchMode: 1, IsHumanControllingUs: 0, StartBugReporterOnCrash: 0, Is64bit: 1, IsPro: 0

 COMMAND LINE ARGUMENTS:
E:\Unity Projects\Engine\2020.1.1f1\2021.2.0a5\Editor\Unity.exe
-adb2
-batchMode
-noUpm
-name
AssetImportWorker0
-projectPath
E:/Unity Projects/prototype-9-Shooting-with-Raycasts
-logFile
Logs/AssetImportWorker0.log
-srvPort
57365
Successfully changed project path to: E:/Unity Projects/prototype-9-Shooting-with-Raycasts
E:/Unity Projects/prototype-9-Shooting-with-Raycasts
Using Asset Import Pipeline V2.
Refreshing native plugins compatible for Editor in 64.59 ms, found 1 plugins.
Preloading 0 native plugins for Editor in 0.00 ms.
Initialize engine version: 2021.2.0a5 (4a734693b889)
[Subsystems] Discovering subsystems at path E:/Unity Projects/Engine/2020.1.1f1/2021.2.0a5/Editor/Data/Resources/UnitySubsystems
[Subsystems] Discovering subsystems at path E:/Unity Projects/prototype-9-Shooting-with-Raycasts/Assets
GfxDevice: creating device client; threaded=0; jobified=0
Direct3D:
    Version:  Direct3D 11.0 [level 11.1]
    Renderer: NVIDIA GeForce GTX 1650 (ID=0x1f99)
    Vendor:   NVIDIA
    VRAM:     3962 MB
    Driver:   27.21.14.6192
Initialize mono
Mono path[0] = 'E:/Unity Projects/Engine/2020.1.1f1/2021.2.0a5/Editor/Data/Managed'
Mono path[1] = 'E:/Unity Projects/Engine/2020.1.1f1/2021.2.0a5/Editor/Data/MonoBleedingEdge/lib/mono/unityjit'
Mono config path = 'E:/Unity Projects/Engine/2020.1.1f1/2021.2.0a5/Editor/Data/MonoBleedingEdge/etc'
Using monoOptions --debugger-agent=transport=dt_socket,embedding=1,server=y,suspend=n,address=127.0.0.1:56204
Begin MonoManager ReloadAssembly
Registering precompiled unity dll's ...
Register platform support module: E:/Unity Projects/Engine/2020.1.1f1/2021.2.0a5/Editor/Data/PlaybackEngines/WebGLSupport/UnityEditor.WebGL.Extensions.dll
Register platform support module: E:/Unity Projects/Engine/2020.1.1f1/2021.2.0a5/Editor/Data/PlaybackEngines/WindowsStandaloneSupport/UnityEditor.WindowsStandalone.Extensions.dll
Registered in 0.001312 seconds.
Native extension for WindowsStandalone target not found
Native extension for WebGL target not found
Refreshing native plugins compatible for Editor in 65.63 ms, found 1 plugins.
Preloading 0 native plugins for Editor in 0.00 ms.
Mono: successfully reloaded assembly
- Completed reload, in  2.000 seconds
Platform modules already initialized, skipping
Registering precompiled user dll's ...
Registered in 0.002482 seconds.
Begin MonoManager ReloadAssembly
Native extension for WindowsStandalone target not found
Native extension for WebGL target not found
Refreshing native plugins compatible for Editor in 0.51 ms, found 1 plugins.
Preloading 0 native plugins for Editor in 0.00 ms.
Mono: successfully reloaded assembly
- Completed reload, in  0.857 seconds
Platform modules already initialized, skipping
========================================================================
Worker process is ready to serve import requests
Launched and connected shader compiler UnityShaderCompiler.exe after 0.05 seconds
Refreshing native plugins compatible for Editor in 0.50 ms, found 1 plugins.
Preloading 0 native plugins for Editor in 0.00 ms.
Unloading 2767 Unused Serialized files (Serialized files now loaded: 0)
System memory in use before: 102.1 MB.
System memory in use after: 102.3 MB.

Unloading 19 unused Assets to reduce memory usage. Loaded Objects now: 3229.
Total: 2.528200 ms (FindLiveObjects: 0.332300 ms CreateObjectMapping: 0.145100 ms MarkObjects: 1.965300 ms  DeleteObjects: 0.083800 ms)

========================================================================
Received Import Request.
  path: Assets/Let's Try Shooter/Scripts/RayCastShoot.cs
  artifactKey: Guid(023976bf3d471d04e99b447fee8b2bd1) Importer(815301076,1909f56bfc062723c751e8b465ee728b)
Start importing Assets/Let's Try Shooter/Scripts/RayCastShoot.cs using Guid(023976bf3d471d04e99b447fee8b2bd1) Importer(815301076,1909f56bfc062723c751e8b465ee728b)  -> (artifact id: 'b639dc7fabe788d9c9225fd76695b96d') in 0.035883 seconds 
========================================================================
Received Import Request.
  Time since last request: 0.921840 seconds.
  path: Assets/Let's Try Shooter/Scenes/CompletedScenes
  artifactKey: Guid(3ae5245021de3b541899aa8b6189a32f) Importer(815301076,1909f56bfc062723c751e8b465ee728b)
Start importing Assets/Let's Try Shooter/Scenes/CompletedScenes using Guid(3ae5245021de3b541899aa8b6189a32f) Importer(815301076,1909f56bfc062723c751e8b465ee728b)  -> (artifact id: 'c59250ec957f1b399621a00fa74b6685') in 0.008737 seconds 
========================================================================
Received Import Request.
  Time since last request: 3.302447 seconds.
  path: Assets/Let's Try Shooter/Scenes/ShootingWithRaycasts.unity
  artifactKey: Guid(b8ea65f9617327842925e6207a1fcf60) Importer(815301076,1909f56bfc062723c751e8b465ee728b)
Start importing Assets/Let's Try Shooter/Scenes/ShootingWithRaycasts.unity using Guid(b8ea65f9617327842925e6207a1fcf60) Importer(815301076,1909f56bfc062723c751e8b465ee728b)  -> (artifact id: '3a860d0f5eeabcc4a935f59e205468fd') in 0.014567 seconds 
========================================================================
Received Prepare
Registering precompiled user dll's ...
Registered in 0.002569 seconds.
Begin MonoManager ReloadAssembly
Native extension for WindowsStandalone target not found
Native extension for WebGL target not found
Refreshing native plugins compatible for Editor in 0.52 ms, found 1 plugins.
Preloading 0 native plugins for Editor in 0.00 ms.
Mono: successfully reloaded assembly
- Completed reload, in  0.807 seconds
Platform modules already initialized, skipping
Refreshing native plugins compatible for Editor in 0.52 ms, found 1 plugins.
Preloading 0 native plugins for Editor in 0.00 ms.
Unloading 2762 Unused Serialized files (Serialized files now loaded: 0)
System memory in use before: 102.1 MB.
System memory in use after: 102.3 MB.

Unloading 10 unused Assets to reduce memory usage. Loaded Objects now: 3231.
Total: 2.610200 ms (FindLiveObjects: 0.337700 ms CreateObjectMapping: 0.154900 ms MarkObjects: 2.048000 ms  DeleteObjects: 0.067800 ms)

========================================================================
Received Import Request.
  Time since last request: 827.569389 seconds.
  path: Assets/Let's Try Shooter/Scripts/RayCastShoot.cs
  artifactKey: Guid(023976bf3d471d04e99b447fee8b2bd1) Importer(815301076,1909f56bfc062723c751e8b465ee728b)
Start importing Assets/Let's Try Shooter/Scripts/RayCastShoot.cs using Guid(023976bf3d471d04e99b447fee8b2bd1) Importer(815301076,1909f56bfc062723c751e8b465ee728b)  -> (artifact id: '5390bb010d615fe16aa802a58de0f77f') in 0.007842 seconds 
========================================================================
Received Prepare
Registering precompiled user dll's ...
Registered in 0.002473 seconds.
Begin MonoManager ReloadAssembly
Native extension for WindowsStandalone target not found
Native extension for WebGL target not found
Refreshing native plugins compatible for Editor in 0.53 ms, found 1 plugins.
Preloading 0 native plugins for Editor in 0.00 ms.
Mono: successfully reloaded assembly
- Completed reload, in  0.786 seconds
Platform modules already initialized, skipping
Refreshing native plugins compatible for Editor in 0.52 ms, found 1 plugins.
Preloading 0 native plugins for Editor in 0.00 ms.
Unloading 2762 Unused Serialized files (Serialized files now loaded: 0)
System memory in use before: 102.2 MB.
System memory in use after: 102.4 MB.

Unloading 10 unused Assets to reduce memory usage. Loaded Objects now: 3233.
Total: 2.194900 ms (FindLiveObjects: 0.302600 ms CreateObjectMapping: 0.140900 ms MarkObjects: 1.689700 ms  DeleteObjects: 0.060100 ms)

